C51 COMPILER V9.60.0.0   INT0                                                              08/22/2022 02:51:25 PAGE 1   


C51 COMPILER V9.60.0.0, COMPILATION OF MODULE INT0
OBJECT MODULE PLACED IN .\Output\INT0.obj
COMPILER INVOKED BY: C:\Keil_v5_8051\C51\BIN\C51.EXE ..\INT0.C OPTIMIZE(7,SPEED) BROWSE INCDIR(..\..\..\..\Library\Devic
                    -e\Include;..\..\..\..\Library\StdDriver\inc) DEBUG OBJECTEXTEND PRINT(.\LST\INT0.lst) TABS(2) OBJECT(.\Output\INT0.obj)

line level    source

   1          /*--------------------------------------------------------------------------------------------------------
             --*/
   2          /*                                                                                                        
             - */
   3          /* Copyright(c) 2020 nuvoton Technology Corp. All rights reserved.                                        
             - */
   4          /*                                                                                                        
             - */
   5          /*--------------------------------------------------------------------------------------------------------
             --*/
   6          
   7          /*********************************************************************************************************
             -**/
   8          /* Website: http://www.nuvoton.com                                                                        
             - */
   9          /*  E-Mail : MicroC-8bit@nuvoton.com                                                                      
             - */
  10          /*  Date   : Jan/21/2020                                                                                  
             - */
  11          /*********************************************************************************************************
             -**/
  12          
  13          /*********************************************************************************************************
             -***/
  14          /*  File Function: MS51 INT0 pin external interrupt demo                                                  
             -  */
  15          /*********************************************************************************************************
             -***/
  16          #include "MS51_16K.H"
  17          
  18          /* External pin interrupt INT0 subroutine */
  19          void INT0_ISR(void) interrupt 0          // Vector @  0x03
  20          {
  21   1          _push_(SFRS);
  22   1        
  23   1          clr_TCON_IE0;          //clr int flag wait next falling edge
  24   1          P15 = ~P15;
  25   1          _pop_(SFRS);
  26   1      }
  27          
  28          
  29          void main (void) 
  30          {
  31   1          P15_PUSHPULL_MODE;
  32   1          P30_QUASI_MODE;                      //setting INT0 pin P3.0 as Quasi mode with internal pull high  
  33   1          P30 = 1;
  34   1          INT0_FALLING_EDGE_TRIG;              //setting trig condition level or edge
  35   1           set_IE_EX0;                         //INT0_Enable;
  36   1          ENABLE_GLOBAL_INTERRUPT;            //Global interrupt enable
  37   1          while(1);
  38   1      }
  39          
  40          
  41          
C51 COMPILER V9.60.0.0   INT0                                                              08/22/2022 02:51:25 PAGE 2   



MODULE INFORMATION:   STATIC OVERLAYABLE
   CODE SIZE        =     69    ----
   CONSTANT SIZE    =   ----    ----
   XDATA SIZE       =   ----    ----
   PDATA SIZE       =   ----    ----
   DATA SIZE        =   ----    ----
   IDATA SIZE       =   ----    ----
   BIT SIZE         =   ----    ----
END OF MODULE INFORMATION.


C51 COMPILATION COMPLETE.  0 WARNING(S),  0 ERROR(S)
