C51 COMPILER V9.60.0.0   GPIO_INPUT_OUTPUT                                                 07/24/2022 00:08:07 PAGE 1   


C51 COMPILER V9.60.0.0, COMPILATION OF MODULE GPIO_INPUT_OUTPUT
OBJECT MODULE PLACED IN .\Output\GPIO_Input_Output.obj
COMPILER INVOKED BY: C:\Keil_v5_8051\C51\BIN\C51.EXE ..\GPIO_Input_Output.C OPTIMIZE(7,SPEED) BROWSE INCDIR(..\..\..\..\
                    -Library\Device\Include;..\..\..\..\Library\StdDriver\inc) DEBUG OBJECTEXTEND PRINT(.\LST\GPIO_Input_Output.lst) TABS(2) 
                    -OBJECT(.\Output\GPIO_Input_Output.obj)

line level    source

   1          /*--------------------------------------------------------------------------------------------------------
             --*/
   2          /*                                                                                                        
             - */
   3          /* Copyright(c) 2020 nuvoton Technology Corp. All rights reserved.                                        
             - */
   4          /*                                                                                                        
             - */
   5          /*--------------------------------------------------------------------------------------------------------
             --*/
   6          
   7          /*********************************************************************************************************
             -**/
   8          /* Website: http://www.nuvoton.com                                                                        
             - */
   9          /*  E-Mail : MicroC-8bit@nuvoton.com                                                                      
             - */
  10          /*  Date   : June/21/2020                                                                                 
             -  */
  11          /*********************************************************************************************************
             -**/
  12          
  13          //********************************************************************************************************
             -***
  14          //  File Function: MS51 GPIO toggle demo code
  15          //********************************************************************************************************
             -***
  16          #include "MS51_8K.H"
  17          
  18          unsigned char temp _at_ 0x08;
  19          unsigned char idata itemp _at_ 0x90;
  20          unsigned char xdata xtemp _at_ 0x80;
  21          
  22          //----------------------------------------------------------------------------------------------//
  23          void main (void)
  24          {
  25   1        ALL_GPIO_QUASI_MODE;
  26   1        while(1)
  27   1        {
  28   2          P0 = ~ P0;
  29   2          P1 = ~ P1;
  30   2          P3 = ~ P3;
  31   2          Timer0_Delay(16000000,200,1000);
  32   2        }
  33   1      }
  34          
  35          
  36          


MODULE INFORMATION:   STATIC OVERLAYABLE
   CODE SIZE        =     66    ----
   CONSTANT SIZE    =   ----    ----
C51 COMPILER V9.60.0.0   GPIO_INPUT_OUTPUT                                                 07/24/2022 00:08:07 PAGE 2   

   XDATA SIZE       =   ----    ----
   PDATA SIZE       =   ----    ----
   DATA SIZE        =   ----    ----
   IDATA SIZE       =   ----    ----
   BIT SIZE         =   ----    ----
END OF MODULE INFORMATION.


C51 COMPILATION COMPLETE.  0 WARNING(S),  0 ERROR(S)
